<?xml version="1.0" encoding="UTF-8"?>
<!-- Generated by org.testng.reporters.JUnitReportReporter -->
<testsuite hostname="DELL" name="com.sk.LoginTest" tests="2" failures="0" timestamp="29 May 2016 04:16:11 GMT" time="0.000" errors="0">
  <testcase name="regularLoginIn" time="0.000" classname="com.sk.LoginTest"/>
  <testcase name="regularLoginIn" time="0.000" classname="com.sk.LoginTest"/>
</testsuite> <!-- com.sk.LoginTest -->
